🔄 Redeploying Backend with CORS Fix
=====================================

📦 Configuration:
   Project: matrimonial-staging
   Region: us-central1
   Service: matrimonial-backend

Updated property [core/project].
🔨 Building and deploying backend...
   This may take 5-10 minutes...

Building using Dockerfile and deploying container to Cloud Run service [[1mmatrimonial-backend[m] in project [[1mmatrimonial-staging[m] region [[1mus-central1[m]
Building and deploying...
Uploading sources...............done
Building Container.................................................................................................................................................................................................................................................................................................................................................................................................................................................................................................................................................................................................................................................................................................................................................................................................................................................................................................................................................................................................................................................done
Setting IAM Policy..............done
Creating Revision.................................................................................................................................................................................................................................................................................................................................................................................................................................................................................................................................................................................................................................................................................................................................................................................................................................................................................................................................done
Routing traffic.....done
Done.
Service [[1mmatrimonial-backend[m] revision [[1mmatrimonial-backend-00006-dhp[m] has been deployed and is serving [1m100[m percent of traffic.
Service URL: [1mhttps://matrimonial-backend-458052696267.us-central1.run.app[m

=============================================
✅ Backend Redeployed!
=============================================

🌐 Backend URL:
   https://matrimonial-backend-7cxoxmouuq-uc.a.run.app

✅ CORS now allows production frontend!
✅ Redis connection uses environment variable!

💡 Next: Hard refresh your browser (Cmd+Shift+R)
   Then try logging in again!

