{"t":{"$date":"2025-10-03T10:25:10.997-07:00"},"s":"I",  "c":"CONTROL",  "id":23285,   "ctx":"thread1","msg":"Automatically disabling TLS 1.0, to force-enable TLS 1.0 specify --sslDisabledProtocols 'none'"}
{"t":{"$date":"2025-10-03T10:25:11.008-07:00"},"s":"I",  "c":"CONTROL",  "id":5945603, "ctx":"thread1","msg":"Multi threading initialized"}
{"t":{"$date":"2025-10-03T10:25:11.009-07:00"},"s":"I",  "c":"NETWORK",  "id":4648601, "ctx":"thread1","msg":"Implicit TCP FastOpen unavailable. If TCP FastOpen is required, set at least one of the related parameters","attr":{"relatedParameters":["tcpFastOpenServer","tcpFastOpenClient","tcpFastOpenQueueSize"]}}
{"t":{"$date":"2025-10-03T10:25:11.011-07:00"},"s":"I",  "c":"NETWORK",  "id":4915701, "ctx":"thread1","msg":"Initialized wire specification","attr":{"spec":{"incomingExternalClient":{"minWireVersion":0,"maxWireVersion":25},"incomingInternalClient":{"minWireVersion":0,"maxWireVersion":25},"outgoing":{"minWireVersion":6,"maxWireVersion":25},"isInternalClient":true}}}
{"t":{"$date":"2025-10-03T10:25:11.013-07:00"},"s":"I",  "c":"TENANT_M", "id":7091600, "ctx":"thread1","msg":"Starting TenantMigrationAccessBlockerRegistry"}
{"t":{"$date":"2025-10-03T10:25:11.013-07:00"},"s":"I",  "c":"CONTROL",  "id":4615611, "ctx":"initandlisten","msg":"MongoDB starting","attr":{"pid":47316,"port":27017,"dbPath":"/Users/rajsiripuram02/opt/appsrc/profiledata/data/db","architecture":"64-bit","host":"MacBookPro.attlocal.net"}}
{"t":{"$date":"2025-10-03T10:25:11.014-07:00"},"s":"I",  "c":"CONTROL",  "id":23403,   "ctx":"initandlisten","msg":"Build Info","attr":{"buildInfo":{"version":"8.0.13","gitVersion":"8dc5cd2a30c4524132e2d44bb314544dc477e611","modules":[],"allocator":"system","environment":{"distarch":"x86_64","target_arch":"x86_64"}}}}
{"t":{"$date":"2025-10-03T10:25:11.014-07:00"},"s":"I",  "c":"CONTROL",  "id":51765,   "ctx":"initandlisten","msg":"Operating System","attr":{"os":{"name":"Mac OS X","version":"24.6.0"}}}
{"t":{"$date":"2025-10-03T10:25:11.015-07:00"},"s":"I",  "c":"CONTROL",  "id":21951,   "ctx":"initandlisten","msg":"Options set by command line","attr":{"options":{"processManagement":{"fork":true},"storage":{"dbPath":"/Users/rajsiripuram02/opt/appsrc/profiledata/data/db"},"systemLog":{"destination":"file","path":"/Users/rajsiripuram02/opt/appsrc/profiledata/mongodb.log"}}}}
{"t":{"$date":"2025-10-03T10:25:11.016-07:00"},"s":"I",  "c":"NETWORK",  "id":5693100, "ctx":"initandlisten","msg":"Asio socket.set_option failed with std::system_error","attr":{"note":"acceptor TCP fast open","option":{"level":6,"name":261,"data":"00 04 00 00"},"error":{"what":"set_option: Invalid argument","message":"Invalid argument","category":"asio.system","value":22}}}
{"t":{"$date":"2025-10-03T10:25:11.017-07:00"},"s":"E",  "c":"CONTROL",  "id":20568,   "ctx":"initandlisten","msg":"Error setting up listener","attr":{"error":{"code":9001,"codeName":"SocketException","errmsg":"127.0.0.1:27017 :: caused by :: setup bind :: caused by :: Address already in use"}}}
{"t":{"$date":"2025-10-03T10:25:11.017-07:00"},"s":"I",  "c":"REPL",     "id":4784900, "ctx":"initandlisten","msg":"Stepping down the ReplicationCoordinator for shutdown","attr":{"waitTimeMillis":15000}}
{"t":{"$date":"2025-10-03T10:25:11.018-07:00"},"s":"I",  "c":"REPL",     "id":4794602, "ctx":"initandlisten","msg":"Attempting to enter quiesce mode"}
{"t":{"$date":"2025-10-03T10:25:11.019-07:00"},"s":"I",  "c":"-",        "id":6371601, "ctx":"initandlisten","msg":"Shutting down the FLE Crud thread pool"}
{"t":{"$date":"2025-10-03T10:25:11.019-07:00"},"s":"I",  "c":"COMMAND",  "id":4784901, "ctx":"initandlisten","msg":"Shutting down the MirrorMaestro"}
{"t":{"$date":"2025-10-03T10:25:11.020-07:00"},"s":"I",  "c":"SHARDING", "id":4784902, "ctx":"initandlisten","msg":"Shutting down the WaitForMajorityService"}
{"t":{"$date":"2025-10-03T10:25:11.020-07:00"},"s":"I",  "c":"NETWORK",  "id":4784905, "ctx":"initandlisten","msg":"Shutting down the global connection pool"}
{"t":{"$date":"2025-10-03T10:25:11.021-07:00"},"s":"I",  "c":"NETWORK",  "id":4784918, "ctx":"initandlisten","msg":"Shutting down the ReplicaSetMonitor"}
{"t":{"$date":"2025-10-03T10:25:11.021-07:00"},"s":"I",  "c":"SHARDING", "id":4784921, "ctx":"initandlisten","msg":"Shutting down the MigrationUtilExecutor"}
{"t":{"$date":"2025-10-03T10:25:11.022-07:00"},"s":"I",  "c":"ASIO",     "id":22582,   "ctx":"MigrationUtil-TaskExecutor","msg":"Killing all outstanding egress activity."}
{"t":{"$date":"2025-10-03T10:25:11.023-07:00"},"s":"I",  "c":"CONTROL",  "id":4784928, "ctx":"initandlisten","msg":"Shutting down the TTL monitor"}
{"t":{"$date":"2025-10-03T10:25:11.023-07:00"},"s":"I",  "c":"CONTROL",  "id":6278511, "ctx":"initandlisten","msg":"Shutting down the Change Stream Expired Pre-images Remover"}
{"t":{"$date":"2025-10-03T10:25:11.024-07:00"},"s":"I",  "c":"CONTROL",  "id":4784929, "ctx":"initandlisten","msg":"Acquiring the global lock for shutdown"}
{"t":{"$date":"2025-10-03T10:25:11.024-07:00"},"s":"I",  "c":"-",        "id":4784931, "ctx":"initandlisten","msg":"Dropping the scope cache for shutdown"}
{"t":{"$date":"2025-10-03T10:25:11.025-07:00"},"s":"I",  "c":"CONTROL",  "id":20565,   "ctx":"initandlisten","msg":"Now exiting"}
{"t":{"$date":"2025-10-03T10:25:11.025-07:00"},"s":"I",  "c":"CONTROL",  "id":8423404, "ctx":"initandlisten","msg":"mongod shutdown complete","attr":{"Summary of time elapsed":{"Statistics":{"Enter terminal shutdown":"0 ms","Step down the replication coordinator for shutdown":"1 ms","Time spent in quiesce mode":"0 ms","Shut down FLE Crud subsystem":"1 ms","Shut down MirrorMaestro":"0 ms","Shut down WaitForMajorityService":"1 ms","Shut down the global connection pool":"0 ms","Shut down the replica set monitor":"1 ms","Shut down the migration util executor":"1 ms","Shut down the TTL monitor":"1 ms","Shut down expired pre-images and documents removers":"0 ms","Wait for the oplog cap maintainer thread to stop":"0 ms","Shut down full-time data capture":"0 ms","Shut down online certificate status protocol manager":"0 ms","shutdownTask total elapsed time":"8 ms"}}}}
{"t":{"$date":"2025-10-03T10:25:11.026-07:00"},"s":"I",  "c":"CONTROL",  "id":23138,   "ctx":"initandlisten","msg":"Shutting down","attr":{"exitCode":48}}
